**********************
Windows PowerShell transcript start
Start time: 20240130141942
Username: SURESHNANJAN\nanja
RunAs User: SURESHNANJAN\nanja
Configuration Name: 
Machine: SURESHNANJAN (Microsoft Windows NT 10.0.22621.0)
Host Application: powershell
Process ID: 51476
PSVersion: 5.1.22621.2506
PSEdition: Desktop
PSCompatibleVersions: 1.0, 2.0, 3.0, 4.0, 5.0, 5.1.22621.2506
BuildVersion: 10.0.22621.2506
CLRVersion: 4.0.30319.42000
WSManStackVersion: 3.0
PSRemotingProtocolVersion: 2.3
SerializationVersion: 1.1.0.1
**********************
Transcript started, output file is execution_trace.log
PS C:\Trainings-2021\Vendors\IIHT\MassMutual\cypress-2024\massmutual-cypress> npx cypress run
  │ Spec Ran:     todo.cy.js                                                                       │
  └────────────────────────────────────────────────────────────────────────────────────────────────┘


====================================================================================================

  (Run Finished)


       Spec                                              Tests  Passing  Failing  Pending  Skipped
  ┌────────────────────────────────────────────────────────────────────────────────────────────────┐
  │ √  todo.cy.js                               00:05        6        6        -        -        - │
  └────────────────────────────────────────────────────────────────────────────────────────────────┘
    √  All specs passed!                        00:05        6        6        -        -        -
PS C:\Trainings-2021\Vendors\IIHT\MassMutual\cypress-2024\massmutual-cypress> Stop-Transcript
**********************
Windows PowerShell transcript end
End time: 20240130144550
**********************
